2026-02-01 22:09:19.422 [main] WARN  com.revpay.dao.DatabaseConnection - Connection is null, initializing...
2026-02-01 22:09:19.422 [main] WARN  com.revpay.dao.DatabaseConnection - Connection is null, initializing...
2026-02-01 22:09:19.424 [main] INFO  com.revpay.dao.DatabaseConnection - Initializing database connection...
2026-02-01 22:09:19.424 [main] INFO  com.revpay.dao.DatabaseConnection - Initializing database connection...
2026-02-01 22:09:19.864 [main] INFO  com.revpay.dao.DatabaseConnection - Database connection established successfully
2026-02-01 22:09:19.864 [main] INFO  com.revpay.dao.DatabaseConnection - Database connection established successfully
2026-02-01 22:09:19.872 [main] INFO  com.revpay.dao.DatabaseConnection - Initializing database connection...
2026-02-01 22:09:19.872 [main] INFO  com.revpay.dao.DatabaseConnection - Initializing database connection...
2026-02-01 22:09:19.897 [main] INFO  com.revpay.dao.DatabaseConnection - Database connection established successfully
2026-02-01 22:09:19.897 [main] INFO  com.revpay.dao.DatabaseConnection - Database connection established successfully
2026-02-01 22:11:39.187 [main] WARN  com.revpay.dao.DatabaseConnection - Connection is null, initializing...
2026-02-01 22:11:39.189 [main] INFO  com.revpay.dao.DatabaseConnection - Initializing database connection...
2026-02-01 22:11:39.631 [main] INFO  com.revpay.dao.DatabaseConnection - Database connection established successfully
2026-02-01 22:11:39.639 [main] INFO  com.revpay.dao.DatabaseConnection - Initializing database connection...
2026-02-01 22:11:39.667 [main] INFO  com.revpay.dao.DatabaseConnection - Database connection established successfully
2026-02-01 22:14:03.480 [main] INFO  com.revpay.dao.DatabaseConnection - Initializing database connection...
2026-02-01 22:14:03.943 [main] INFO  com.revpay.dao.DatabaseConnection - Database connection established successfully
2026-02-01 22:48:05.424 [main] INFO  com.revpay.dao.DatabaseConnection - Initializing database connection...
2026-02-01 22:48:05.869 [main] INFO  com.revpay.dao.DatabaseConnection - Database connection established successfully
2026-02-01 22:48:05.870 [main] INFO  com.revpay.services.AuthService - AuthService initialized
2026-02-01 22:48:05.877 [main] INFO  com.revpay.Main - Starting RevPay application...
2026-02-01 22:48:32.994 [main] INFO  com.revpay.services.AuthService - Login attempt for identifier: aditya
2026-02-01 22:48:33.018 [main] WARN  com.revpay.services.AuthService - Login failed - User not found: aditya
2026-02-01 22:48:58.145 [main] INFO  com.revpay.services.AuthService - Login attempt for identifier: aditya@gmail.com
2026-02-01 22:48:58.244 [main] INFO  com.revpay.services.AuthService - Login successful for user: adityamore (ID: 1)
2026-02-01 22:48:58.246 [main] INFO  AUDIT - AUDIT | User: 1 | Action: LOGIN | Amount: N/A | Status: SUCCESS | Info: Authentication successful
